2024-12-06 21:17:43,063 [Worker-0: Loading available Gradle versions] INFO  o.e.b.c.i.u.g.PublishedGradleVersions - Gradle version information cache is up-to-date. Trying to read.
2024-12-06 21:20:42,208 [Worker-15: Building] INFO  o.e.m.c.i.l.LifecycleMappingFactory - Using org.eclipse.m2e.jdt.JarLifecycleMapping lifecycle mapping for MavenProject: com.app:HeartBitDemo:0.0.1-SNAPSHOT @ C:\Users\Group025\Desktop\WEB JAVA\HeartBitDemo\pom.xml.
2024-12-06 21:20:42,303 [Worker-15: Building] WARN  o.e.m.c.i.embedder.EclipseLogger - The POM for com.app:littleHeart:jar:0.0.1-SNAPSHOT is missing, no dependency information available
2024-12-06 21:20:43,870 [Worker-15: Building] WARN  o.a.m.s.f.DefaultMavenResourcesFiltering - Using platform encoding (Cp1252 actually) to copy filtered resources, i.e. build is platform dependent!
2024-12-06 21:20:43,871 [Worker-15: Building] INFO  o.a.m.s.f.DefaultMavenResourcesFiltering - skip non existing resourceDirectory C:\Users\Group025\Desktop\WEB JAVA\HeartBitDemo\src\main\resources
2024-12-06 21:20:43,877 [Worker-15: Building] WARN  o.a.m.s.f.DefaultMavenResourcesFiltering - Using platform encoding (Cp1252 actually) to copy filtered resources, i.e. build is platform dependent!
2024-12-06 21:20:43,880 [Worker-15: Building] INFO  o.a.m.s.f.DefaultMavenResourcesFiltering - skip non existing resourceDirectory C:\Users\Group025\Desktop\WEB JAVA\HeartBitDemo\src\test\resources
2024-12-06 21:20:45,251 [Worker-19: Building] INFO  o.e.m.c.i.l.LifecycleMappingFactory - Using org.eclipse.m2e.jdt.JarLifecycleMapping lifecycle mapping for MavenProject: com.app:ManyToMany:0.0.1-SNAPSHOT @ C:\Users\Group025\Desktop\WEB JAVA\ManyToMany\pom.xml.
2024-12-06 21:20:45,319 [Worker-19: Building] INFO  o.a.m.s.f.DefaultMavenResourcesFiltering - skip non existing resourceDirectory C:\Users\Group025\Desktop\WEB JAVA\ManyToMany\src\main\resources
2024-12-06 21:20:45,322 [Worker-19: Building] INFO  o.a.m.s.f.DefaultMavenResourcesFiltering - skip non existing resourceDirectory C:\Users\Group025\Desktop\WEB JAVA\ManyToMany\src\test\resources
2024-12-06 21:20:45,797 [Worker-29: Building] INFO  o.e.m.c.i.l.LifecycleMappingFactory - Using org.eclipse.m2e.jdt.JarLifecycleMapping lifecycle mapping for MavenProject: com.app:SportsDemo:0.0.1-SNAPSHOT @ C:\Users\Group025\Desktop\WEB JAVA\SportsDemo\pom.xml.
2024-12-06 21:20:46,253 [Worker-29: Building] WARN  o.a.m.s.f.DefaultMavenResourcesFiltering - Using platform encoding (Cp1252 actually) to copy filtered resources, i.e. build is platform dependent!
2024-12-06 21:20:46,255 [Worker-29: Building] INFO  o.a.m.s.f.DefaultMavenResourcesFiltering - skip non existing resourceDirectory C:\Users\Group025\Desktop\WEB JAVA\SportsDemo\src\main\resources
2024-12-06 21:20:46,267 [Worker-29: Building] WARN  o.a.m.s.f.DefaultMavenResourcesFiltering - Using platform encoding (Cp1252 actually) to copy filtered resources, i.e. build is platform dependent!
2024-12-06 21:20:46,272 [Worker-29: Building] INFO  o.a.m.s.f.DefaultMavenResourcesFiltering - skip non existing resourceDirectory C:\Users\Group025\Desktop\WEB JAVA\SportsDemo\src\test\resources
2024-12-06 21:20:47,655 [Worker-10: Building] INFO  o.e.m.c.i.l.LifecycleMappingFactory - Using org.maven.ide.eclipse.wtp.WarLifecycleMapping lifecycle mapping for MavenProject: com.app:SpringCRM:0.0.1-SNAPSHOT @ C:\Users\Group025\Desktop\WEB JAVA\SpringCRM\pom.xml.
2024-12-06 21:20:54,552 [Worker-10: Building] WARN  o.a.m.s.f.DefaultMavenResourcesFiltering - Using platform encoding (Cp1252 actually) to copy filtered resources, i.e. build is platform dependent!
2024-12-06 21:20:54,557 [Worker-10: Building] INFO  o.a.m.s.f.DefaultMavenResourcesFiltering - Copying 0 resource from src\main\resources to target\classes
2024-12-06 21:20:54,560 [Worker-10: Building] WARN  o.a.m.s.f.DefaultMavenResourcesFiltering - Using platform encoding (Cp1252 actually) to copy filtered resources, i.e. build is platform dependent!
2024-12-06 21:20:54,562 [Worker-10: Building] INFO  o.a.m.s.f.DefaultMavenResourcesFiltering - Copying 0 resource from src\test\resources to target\test-classes
2024-12-06 21:20:57,237 [Worker-13: Building] INFO  o.e.m.c.i.l.LifecycleMappingFactory - Using org.eclipse.m2e.jdt.JarLifecycleMapping lifecycle mapping for MavenProject: com.app:TransportDemo:0.0.1-SNAPSHOT @ C:\Users\Group025\Desktop\WEB JAVA\TransportDemo\pom.xml.
2024-12-06 21:20:57,492 [Worker-13: Building] WARN  o.a.m.s.f.DefaultMavenResourcesFiltering - Using platform encoding (Cp1252 actually) to copy filtered resources, i.e. build is platform dependent!
2024-12-06 21:20:57,493 [Worker-13: Building] INFO  o.a.m.s.f.DefaultMavenResourcesFiltering - skip non existing resourceDirectory C:\Users\Group025\Desktop\WEB JAVA\TransportDemo\src\main\resources
2024-12-06 21:20:57,496 [Worker-13: Building] WARN  o.a.m.s.f.DefaultMavenResourcesFiltering - Using platform encoding (Cp1252 actually) to copy filtered resources, i.e. build is platform dependent!
2024-12-06 21:20:57,497 [Worker-13: Building] INFO  o.a.m.s.f.DefaultMavenResourcesFiltering - skip non existing resourceDirectory C:\Users\Group025\Desktop\WEB JAVA\TransportDemo\src\test\resources
2024-12-06 21:20:58,469 [Worker-40: Building] INFO  o.e.m.c.i.l.LifecycleMappingFactory - Using org.eclipse.m2e.jdt.JarLifecycleMapping lifecycle mapping for MavenProject: com.app:aopDemo:0.0.1-SNAPSHOT @ C:\Users\Group025\Desktop\WEB JAVA\aopDemo\pom.xml.
2024-12-06 21:20:58,767 [Worker-40: Building] WARN  o.a.m.s.f.DefaultMavenResourcesFiltering - Using platform encoding (Cp1252 actually) to copy filtered resources, i.e. build is platform dependent!
2024-12-06 21:20:58,771 [Worker-40: Building] INFO  o.a.m.s.f.DefaultMavenResourcesFiltering - skip non existing resourceDirectory C:\Users\Group025\Desktop\WEB JAVA\aopDemo\src\main\resources
2024-12-06 21:20:58,776 [Worker-40: Building] WARN  o.a.m.s.f.DefaultMavenResourcesFiltering - Using platform encoding (Cp1252 actually) to copy filtered resources, i.e. build is platform dependent!
2024-12-06 21:20:58,777 [Worker-40: Building] INFO  o.a.m.s.f.DefaultMavenResourcesFiltering - skip non existing resourceDirectory C:\Users\Group025\Desktop\WEB JAVA\aopDemo\src\test\resources
2024-12-06 21:21:01,356 [Worker-24: Building] INFO  o.e.m.c.i.l.LifecycleMappingFactory - Using org.eclipse.m2e.jdt.JarLifecycleMapping lifecycle mapping for MavenProject: com.app:bean_lifecycle:0.0.1-SNAPSHOT @ C:\Users\Group025\Desktop\WEB JAVA\bean_lifecycle\pom.xml.
2024-12-06 21:21:03,816 [Worker-24: Building] INFO  o.a.m.s.f.DefaultMavenResourcesFiltering - Copying 1 resource from src\main\resources to target\classes
2024-12-06 21:21:03,835 [Worker-24: Building] INFO  o.a.m.s.f.DefaultMavenResourcesFiltering - Copying 0 resource from src\main\resources to target\classes
2024-12-06 21:21:03,840 [Worker-24: Building] INFO  o.a.m.s.f.DefaultMavenResourcesFiltering - skip non existing resourceDirectory C:\Users\Group025\Desktop\WEB JAVA\bean_lifecycle\src\test\resources
2024-12-06 21:21:05,454 [Worker-23: Building] INFO  o.e.m.c.i.l.LifecycleMappingFactory - Using org.eclipse.m2e.jdt.JarLifecycleMapping lifecycle mapping for MavenProject: com.app:dependency_injectionDemo:0.0.1-SNAPSHOT @ C:\Users\Group025\Desktop\WEB JAVA\dependency_injectionDemo\pom.xml.
2024-12-06 21:21:05,487 [Worker-23: Building] WARN  o.a.m.s.f.DefaultMavenResourcesFiltering - Using platform encoding (Cp1252 actually) to copy filtered resources, i.e. build is platform dependent!
2024-12-06 21:21:05,489 [Worker-23: Building] INFO  o.a.m.s.f.DefaultMavenResourcesFiltering - Copying 1 resource from src\main\resources to target\classes
2024-12-06 21:21:05,496 [Worker-23: Building] WARN  o.a.m.s.f.DefaultMavenResourcesFiltering - Using platform encoding (Cp1252 actually) to copy filtered resources, i.e. build is platform dependent!
2024-12-06 21:21:05,497 [Worker-23: Building] INFO  o.a.m.s.f.DefaultMavenResourcesFiltering - skip non existing resourceDirectory C:\Users\Group025\Desktop\WEB JAVA\dependency_injectionDemo\src\test\resources
2024-12-06 21:21:07,728 [Worker-19: Building] INFO  o.e.m.c.i.l.LifecycleMappingFactory - Using org.eclipse.m2e.jdt.JarLifecycleMapping lifecycle mapping for MavenProject: com.app:dependency_injectionDemo2:0.0.1-SNAPSHOT @ C:\Users\Group025\Desktop\WEB JAVA\dependency_injectionDemo2\pom.xml.
2024-12-06 21:21:09,328 [Worker-19: Building] INFO  o.a.m.s.f.DefaultMavenResourcesFiltering - Copying 1 resource from src\main\resources to target\classes
2024-12-06 21:21:09,353 [Worker-19: Building] INFO  o.a.m.s.f.DefaultMavenResourcesFiltering - Copying 0 resource from src\main\resources to target\classes
2024-12-06 21:21:09,358 [Worker-19: Building] INFO  o.a.m.s.f.DefaultMavenResourcesFiltering - skip non existing resourceDirectory C:\Users\Group025\Desktop\WEB JAVA\dependency_injectionDemo2\src\test\resources
2024-12-06 21:21:11,013 [Worker-33: Building] INFO  o.e.m.c.i.l.LifecycleMappingFactory - Using org.eclipse.m2e.jdt.JarLifecycleMapping lifecycle mapping for MavenProject: com.app:hiberDemo:0.0.1-SNAPSHOT @ C:\Users\Group025\Desktop\WEB JAVA\hiberDemo\pom.xml.
2024-12-06 21:21:11,671 [Worker-33: Building] WARN  o.a.m.s.f.DefaultMavenResourcesFiltering - Using platform encoding (Cp1252 actually) to copy filtered resources, i.e. build is platform dependent!
2024-12-06 21:21:11,674 [Worker-33: Building] INFO  o.a.m.s.f.DefaultMavenResourcesFiltering - skip non existing resourceDirectory C:\Users\Group025\Desktop\WEB JAVA\hiberDemo\src\main\resources
2024-12-06 21:21:11,677 [Worker-33: Building] WARN  o.a.m.s.f.DefaultMavenResourcesFiltering - Using platform encoding (Cp1252 actually) to copy filtered resources, i.e. build is platform dependent!
2024-12-06 21:21:11,679 [Worker-33: Building] INFO  o.a.m.s.f.DefaultMavenResourcesFiltering - skip non existing resourceDirectory C:\Users\Group025\Desktop\WEB JAVA\hiberDemo\src\test\resources
2024-12-06 21:21:12,145 [Worker-40: Building] INFO  o.e.m.c.i.l.LifecycleMappingFactory - Using org.maven.ide.eclipse.wtp.WarLifecycleMapping lifecycle mapping for MavenProject: com.app:hibernateEmp:0.0.1-SNAPSHOT @ C:\Users\Group025\Desktop\WEB JAVA\hibernateEmp\pom.xml.
2024-12-06 21:21:12,271 [Worker-40: Building] WARN  o.a.m.s.f.DefaultMavenResourcesFiltering - Using platform encoding (Cp1252 actually) to copy filtered resources, i.e. build is platform dependent!
2024-12-06 21:21:12,272 [Worker-40: Building] INFO  o.a.m.s.f.DefaultMavenResourcesFiltering - Copying 0 resource from src\main\resources to target\classes
2024-12-06 21:21:12,275 [Worker-40: Building] WARN  o.a.m.s.f.DefaultMavenResourcesFiltering - Using platform encoding (Cp1252 actually) to copy filtered resources, i.e. build is platform dependent!
2024-12-06 21:21:12,276 [Worker-40: Building] INFO  o.a.m.s.f.DefaultMavenResourcesFiltering - Copying 0 resource from src\test\resources to target\test-classes
2024-12-06 21:21:12,624 [Worker-20: Building] INFO  o.e.m.c.i.l.LifecycleMappingFactory - Using org.maven.ide.eclipse.wtp.WarLifecycleMapping lifecycle mapping for MavenProject: com.app:hibernateEmpl:0.0.1-SNAPSHOT @ C:\Users\Group025\Desktop\WEB JAVA\hibernateEmpl\pom.xml.
2024-12-06 21:21:13,327 [Worker-20: Building] WARN  o.a.m.s.f.DefaultMavenResourcesFiltering - Using platform encoding (Cp1252 actually) to copy filtered resources, i.e. build is platform dependent!
2024-12-06 21:21:13,328 [Worker-20: Building] INFO  o.a.m.s.f.DefaultMavenResourcesFiltering - skip non existing resourceDirectory C:\Users\Group025\Desktop\WEB JAVA\hibernateEmpl\src\main\resources
2024-12-06 21:21:13,330 [Worker-20: Building] WARN  o.a.m.s.f.DefaultMavenResourcesFiltering - Using platform encoding (Cp1252 actually) to copy filtered resources, i.e. build is platform dependent!
2024-12-06 21:21:13,331 [Worker-20: Building] INFO  o.a.m.s.f.DefaultMavenResourcesFiltering - skip non existing resourceDirectory C:\Users\Group025\Desktop\WEB JAVA\hibernateEmpl\src\test\resources
2024-12-06 21:21:13,959 [Worker-38: Building] INFO  o.e.m.c.i.l.LifecycleMappingFactory - Using org.eclipse.m2e.jdt.JarLifecycleMapping lifecycle mapping for MavenProject: com.app:jsonData:0.0.1-SNAPSHOT @ C:\Users\Group025\Desktop\WEB JAVA\jsonData\pom.xml.
2024-12-06 21:21:14,014 [Worker-38: Building] WARN  o.e.m.c.i.embedder.EclipseLogger - The POM for com.app:spring_restdemo:jar:0.0.1-SNAPSHOT is missing, no dependency information available
2024-12-06 21:21:14,402 [Worker-38: Building] INFO  o.a.m.s.f.DefaultMavenResourcesFiltering - skip non existing resourceDirectory C:\Users\Group025\Desktop\WEB JAVA\jsonData\src\main\resources
2024-12-06 21:21:14,404 [Worker-38: Building] INFO  o.a.m.s.f.DefaultMavenResourcesFiltering - skip non existing resourceDirectory C:\Users\Group025\Desktop\WEB JAVA\jsonData\src\test\resources
2024-12-06 21:21:14,746 [Worker-33: Building] INFO  o.e.m.c.i.l.LifecycleMappingFactory - Using org.maven.ide.eclipse.wtp.WarLifecycleMapping lifecycle mapping for MavenProject: com.app:jsp_day01:0.0.1-SNAPSHOT @ C:\Users\Group025\Desktop\WEB JAVA\jsp_day01\pom.xml.
2024-12-06 21:21:14,834 [Worker-33: Building] WARN  o.a.m.s.f.DefaultMavenResourcesFiltering - Using platform encoding (Cp1252 actually) to copy filtered resources, i.e. build is platform dependent!
2024-12-06 21:21:14,835 [Worker-33: Building] INFO  o.a.m.s.f.DefaultMavenResourcesFiltering - skip non existing resourceDirectory C:\Users\Group025\Desktop\WEB JAVA\jsp_day01\src\main\resources
2024-12-06 21:21:14,837 [Worker-33: Building] WARN  o.a.m.s.f.DefaultMavenResourcesFiltering - Using platform encoding (Cp1252 actually) to copy filtered resources, i.e. build is platform dependent!
2024-12-06 21:21:14,838 [Worker-33: Building] INFO  o.a.m.s.f.DefaultMavenResourcesFiltering - skip non existing resourceDirectory C:\Users\Group025\Desktop\WEB JAVA\jsp_day01\src\test\resources
2024-12-06 21:21:15,034 [Worker-33: Building] INFO  o.e.m.c.i.l.LifecycleMappingFactory - Using org.maven.ide.eclipse.wtp.WarLifecycleMapping lifecycle mapping for MavenProject: com.app:jsp_day02:0.0.1-SNAPSHOT @ C:\Users\Group025\Desktop\WEB JAVA\jsp_day02\pom.xml.
2024-12-06 21:21:15,291 [Worker-28: Download sources and javadoc] ERROR o.e.m.j.internal.DownloadSourcesJob - Could not download sources for com.app:spring_restdemo:0.0.1-SNAPSHOT
org.eclipse.core.runtime.CoreException: Could not resolve artifact com.app:spring_restdemo:jar:sources:0.0.1-SNAPSHOT
	at org.eclipse.m2e.core.internal.embedder.MavenImpl.lambda$6(MavenImpl.java:584)
	at org.eclipse.m2e.core.internal.embedder.MavenExecutionContext.executeBare(MavenExecutionContext.java:394)
	at org.eclipse.m2e.core.internal.embedder.MavenExecutionContext.execute(MavenExecutionContext.java:228)
	at org.eclipse.m2e.core.internal.embedder.MavenExecutionContext.execute(MavenExecutionContext.java:214)
	at org.eclipse.m2e.core.internal.embedder.MavenImpl.resolve(MavenImpl.java:553)
	at org.eclipse.m2e.core.internal.embedder.MavenImpl.resolve(MavenImpl.java:538)
	at org.eclipse.m2e.jdt.internal.DownloadSourcesJob.download(DownloadSourcesJob.java:308)
	at org.eclipse.m2e.jdt.internal.DownloadSourcesJob.downloadAttachments(DownloadSourcesJob.java:282)
	at org.eclipse.m2e.jdt.internal.DownloadSourcesJob.downloadMaven(DownloadSourcesJob.java:252)
	at org.eclipse.m2e.jdt.internal.DownloadSourcesJob.downloadFilesAndPopulateToUpdate(DownloadSourcesJob.java:220)
	at org.eclipse.m2e.jdt.internal.DownloadSourcesJob.lambda$0(DownloadSourcesJob.java:149)
	at org.eclipse.m2e.core.internal.embedder.MavenExecutionContext.executeBare(MavenExecutionContext.java:394)
	at org.eclipse.m2e.core.internal.embedder.MavenExecutionContext.execute(MavenExecutionContext.java:275)
	at org.eclipse.m2e.core.internal.embedder.MavenExecutionContext.execute(MavenExecutionContext.java:214)
	at org.eclipse.m2e.core.embedder.IMaven.execute(IMaven.java:294)
	at org.eclipse.m2e.jdt.internal.DownloadSourcesJob.run(DownloadSourcesJob.java:149)
	at org.eclipse.core.internal.jobs.Worker.run(Worker.java:63)
2024-12-06 21:21:15,307 [Worker-33: Building] WARN  o.a.m.s.f.DefaultMavenResourcesFiltering - Using platform encoding (Cp1252 actually) to copy filtered resources, i.e. build is platform dependent!
2024-12-06 21:21:15,308 [Worker-33: Building] INFO  o.a.m.s.f.DefaultMavenResourcesFiltering - skip non existing resourceDirectory C:\Users\Group025\Desktop\WEB JAVA\jsp_day02\src\main\resources
2024-12-06 21:21:15,310 [Worker-33: Building] WARN  o.a.m.s.f.DefaultMavenResourcesFiltering - Using platform encoding (Cp1252 actually) to copy filtered resources, i.e. build is platform dependent!
2024-12-06 21:21:15,312 [Worker-33: Building] INFO  o.a.m.s.f.DefaultMavenResourcesFiltering - skip non existing resourceDirectory C:\Users\Group025\Desktop\WEB JAVA\jsp_day02\src\test\resources
2024-12-06 21:21:15,895 [Worker-8: Building] INFO  o.e.m.c.i.l.LifecycleMappingFactory - Using org.eclipse.m2e.jdt.JarLifecycleMapping lifecycle mapping for MavenProject: com.app:littleHeart:0.0.1-SNAPSHOT @ C:\Users\Group025\Desktop\WEB JAVA\littleHeartSpring\pom.xml.
2024-12-06 21:21:16,104 [Worker-8: Building] INFO  o.e.m.c.i.l.LifecycleMappingFactory - Using org.eclipse.m2e.jdt.JarLifecycleMapping lifecycle mapping for MavenProject: com.app:HeartBitDemo:0.0.1-SNAPSHOT @ C:\Users\Group025\Desktop\WEB JAVA\HeartBitDemo\pom.xml.
2024-12-06 21:21:16,140 [Worker-8: Building] INFO  o.e.m.c.i.p.WorkspaceClassifierResolverManager - Resolving P/littleHeartSpring: com.app:littleHeart:0.0.1-SNAPSHOT with classifier  to /littleHeartSpring/target/classes
2024-12-06 21:21:16,363 [Worker-8: Building] WARN  o.a.m.s.f.DefaultMavenResourcesFiltering - Using platform encoding (Cp1252 actually) to copy filtered resources, i.e. build is platform dependent!
2024-12-06 21:21:16,364 [Worker-8: Building] INFO  o.a.m.s.f.DefaultMavenResourcesFiltering - skip non existing resourceDirectory C:\Users\Group025\Desktop\WEB JAVA\littleHeartSpring\src\main\resources
2024-12-06 21:21:16,367 [Worker-8: Building] WARN  o.a.m.s.f.DefaultMavenResourcesFiltering - Using platform encoding (Cp1252 actually) to copy filtered resources, i.e. build is platform dependent!
2024-12-06 21:21:16,368 [Worker-8: Building] INFO  o.a.m.s.f.DefaultMavenResourcesFiltering - skip non existing resourceDirectory C:\Users\Group025\Desktop\WEB JAVA\littleHeartSpring\src\test\resources
2024-12-06 21:21:18,455 [Worker-28: Building] INFO  o.e.m.c.i.l.LifecycleMappingFactory - Using org.eclipse.m2e.jdt.JarLifecycleMapping lifecycle mapping for MavenProject: com.app:mappingDemo:0.0.1-SNAPSHOT @ C:\Users\Group025\Desktop\WEB JAVA\mappingDemo\pom.xml.
2024-12-06 21:21:19,128 [Worker-28: Building] INFO  o.a.m.s.f.DefaultMavenResourcesFiltering - skip non existing resourceDirectory C:\Users\Group025\Desktop\WEB JAVA\mappingDemo\src\main\resources
2024-12-06 21:21:19,130 [Worker-28: Building] INFO  o.a.m.s.f.DefaultMavenResourcesFiltering - skip non existing resourceDirectory C:\Users\Group025\Desktop\WEB JAVA\mappingDemo\src\test\resources
2024-12-06 21:21:20,704 [Worker-25: Building] INFO  o.e.m.c.i.l.LifecycleMappingFactory - Using org.maven.ide.eclipse.wtp.WarLifecycleMapping lifecycle mapping for MavenProject: com.app:myapp:0.0.1-SNAPSHOT @ C:\Users\Group025\Desktop\WEB JAVA\myapp\pom.xml.
2024-12-06 21:21:21,511 [Worker-25: Building] WARN  o.a.m.s.f.DefaultMavenResourcesFiltering - Using platform encoding (Cp1252 actually) to copy filtered resources, i.e. build is platform dependent!
2024-12-06 21:21:21,512 [Worker-25: Building] INFO  o.a.m.s.f.DefaultMavenResourcesFiltering - skip non existing resourceDirectory C:\Users\Group025\Desktop\WEB JAVA\myapp\src\main\resources
2024-12-06 21:21:21,516 [Worker-25: Building] WARN  o.a.m.s.f.DefaultMavenResourcesFiltering - Using platform encoding (Cp1252 actually) to copy filtered resources, i.e. build is platform dependent!
2024-12-06 21:21:21,517 [Worker-25: Building] INFO  o.a.m.s.f.DefaultMavenResourcesFiltering - skip non existing resourceDirectory C:\Users\Group025\Desktop\WEB JAVA\myapp\src\test\resources
2024-12-06 21:21:22,340 [Worker-9: Building] INFO  o.e.m.c.i.l.LifecycleMappingFactory - Using org.eclipse.m2e.jdt.JarLifecycleMapping lifecycle mapping for MavenProject: com.app:namedQuesryDemo:0.0.1-SNAPSHOT @ C:\Users\Group025\Desktop\WEB JAVA\namedQuesryDemo\pom.xml.
2024-12-06 21:21:22,830 [Worker-9: Building] INFO  o.a.m.s.f.DefaultMavenResourcesFiltering - skip non existing resourceDirectory C:\Users\Group025\Desktop\WEB JAVA\namedQuesryDemo\src\main\resources
2024-12-06 21:21:22,832 [Worker-9: Building] INFO  o.a.m.s.f.DefaultMavenResourcesFiltering - skip non existing resourceDirectory C:\Users\Group025\Desktop\WEB JAVA\namedQuesryDemo\src\test\resources
2024-12-06 21:21:23,149 [Worker-9: Building] INFO  o.e.m.c.i.l.LifecycleMappingFactory - Using org.eclipse.m2e.jdt.JarLifecycleMapping lifecycle mapping for MavenProject: com.app:oneTomany:0.0.1-SNAPSHOT @ C:\Users\Group025\Desktop\WEB JAVA\oneTomany\pom.xml.
2024-12-06 21:21:23,619 [Worker-9: Building] INFO  o.a.m.s.f.DefaultMavenResourcesFiltering - skip non existing resourceDirectory C:\Users\Group025\Desktop\WEB JAVA\oneTomany\src\main\resources
2024-12-06 21:21:23,621 [Worker-9: Building] INFO  o.a.m.s.f.DefaultMavenResourcesFiltering - skip non existing resourceDirectory C:\Users\Group025\Desktop\WEB JAVA\oneTomany\src\test\resources
2024-12-06 21:21:23,842 [Worker-9: Building] INFO  o.e.m.c.i.l.LifecycleMappingFactory - Using org.eclipse.m2e.jdt.JarLifecycleMapping lifecycle mapping for MavenProject: com.app:springDemo:0.0.1-SNAPSHOT @ C:\Users\Group025\Desktop\WEB JAVA\springDemo\pom.xml.
2024-12-06 21:21:24,094 [Worker-9: Building] WARN  o.a.m.s.f.DefaultMavenResourcesFiltering - Using platform encoding (Cp1252 actually) to copy filtered resources, i.e. build is platform dependent!
2024-12-06 21:21:24,095 [Worker-9: Building] INFO  o.a.m.s.f.DefaultMavenResourcesFiltering - skip non existing resourceDirectory C:\Users\Group025\Desktop\WEB JAVA\springDemo\src\main\resources
2024-12-06 21:21:24,097 [Worker-9: Building] WARN  o.a.m.s.f.DefaultMavenResourcesFiltering - Using platform encoding (Cp1252 actually) to copy filtered resources, i.e. build is platform dependent!
2024-12-06 21:21:24,098 [Worker-9: Building] INFO  o.a.m.s.f.DefaultMavenResourcesFiltering - skip non existing resourceDirectory C:\Users\Group025\Desktop\WEB JAVA\springDemo\src\test\resources
2024-12-06 21:21:24,258 [Worker-9: Building] INFO  o.e.m.c.i.l.LifecycleMappingFactory - Using org.maven.ide.eclipse.wtp.WarLifecycleMapping lifecycle mapping for MavenProject: com.app:springMVCDemo:0.0.1-SNAPSHOT @ C:\Users\Group025\Desktop\WEB JAVA\springMVCDemo\pom.xml.
2024-12-06 21:21:24,542 [Worker-9: Building] WARN  o.a.m.s.f.DefaultMavenResourcesFiltering - Using platform encoding (Cp1252 actually) to copy filtered resources, i.e. build is platform dependent!
2024-12-06 21:21:24,543 [Worker-9: Building] INFO  o.a.m.s.f.DefaultMavenResourcesFiltering - skip non existing resourceDirectory C:\Users\Group025\Desktop\WEB JAVA\springMVCDemo\src\main\resources
2024-12-06 21:21:24,545 [Worker-9: Building] WARN  o.a.m.s.f.DefaultMavenResourcesFiltering - Using platform encoding (Cp1252 actually) to copy filtered resources, i.e. build is platform dependent!
2024-12-06 21:21:24,546 [Worker-9: Building] INFO  o.a.m.s.f.DefaultMavenResourcesFiltering - skip non existing resourceDirectory C:\Users\Group025\Desktop\WEB JAVA\springMVCDemo\src\test\resources
2024-12-06 21:21:24,720 [Worker-9: Building] INFO  o.e.m.c.i.l.LifecycleMappingFactory - Using org.maven.ide.eclipse.wtp.WarLifecycleMapping lifecycle mapping for MavenProject: com.app:spring_mvc_formvalidation:0.0.1-SNAPSHOT @ C:\Users\Group025\Desktop\WEB JAVA\spring_mvc_formvalidation\pom.xml.
2024-12-06 21:21:24,950 [Worker-9: Building] INFO  o.e.m.c.i.l.LifecycleMappingFactory - Using org.eclipse.m2e.jdt.JarLifecycleMapping lifecycle mapping for MavenProject: com.app:jsonData:0.0.1-SNAPSHOT @ C:\Users\Group025\Desktop\WEB JAVA\jsonData\pom.xml.
2024-12-06 21:21:24,980 [Worker-9: Building] WARN  o.e.m.c.i.embedder.EclipseLogger - The POM for com.app:spring_restdemo:jar:0.0.1-SNAPSHOT is missing, no dependency information available
2024-12-06 21:21:24,999 [Worker-9: Building] INFO  o.e.m.c.i.p.WorkspaceClassifierResolverManager - Resolving P/spring_mvc_formvalidation: com.app:spring_mvc_formvalidation:0.0.1-SNAPSHOT with classifier  to /spring_mvc_formvalidation/target/classes
2024-12-06 21:21:25,465 [Worker-9: Building] WARN  o.a.m.s.f.DefaultMavenResourcesFiltering - Using platform encoding (Cp1252 actually) to copy filtered resources, i.e. build is platform dependent!
2024-12-06 21:21:25,466 [Worker-9: Building] INFO  o.a.m.s.f.DefaultMavenResourcesFiltering - skip non existing resourceDirectory C:\Users\Group025\Desktop\WEB JAVA\spring_mvc_formvalidation\src\main\resources
2024-12-06 21:21:25,468 [Worker-9: Building] WARN  o.a.m.s.f.DefaultMavenResourcesFiltering - Using platform encoding (Cp1252 actually) to copy filtered resources, i.e. build is platform dependent!
2024-12-06 21:21:25,468 [Worker-9: Building] INFO  o.a.m.s.f.DefaultMavenResourcesFiltering - skip non existing resourceDirectory C:\Users\Group025\Desktop\WEB JAVA\spring_mvc_formvalidation\src\test\resources
2024-12-06 21:21:26,199 [Worker-28: Download sources and javadoc] ERROR o.e.m.j.internal.DownloadSourcesJob - Could not download javadoc for com.app:spring_restdemo:0.0.1-SNAPSHOT
org.eclipse.core.runtime.CoreException: Could not resolve artifact com.app:spring_restdemo:jar:javadoc:0.0.1-SNAPSHOT
	at org.eclipse.m2e.core.internal.embedder.MavenImpl.lambda$6(MavenImpl.java:584)
	at org.eclipse.m2e.core.internal.embedder.MavenExecutionContext.executeBare(MavenExecutionContext.java:394)
	at org.eclipse.m2e.core.internal.embedder.MavenExecutionContext.execute(MavenExecutionContext.java:228)
	at org.eclipse.m2e.core.internal.embedder.MavenExecutionContext.execute(MavenExecutionContext.java:214)
	at org.eclipse.m2e.core.internal.embedder.MavenImpl.resolve(MavenImpl.java:553)
	at org.eclipse.m2e.core.internal.embedder.MavenImpl.resolve(MavenImpl.java:538)
	at org.eclipse.m2e.jdt.internal.DownloadSourcesJob.download(DownloadSourcesJob.java:308)
	at org.eclipse.m2e.jdt.internal.DownloadSourcesJob.downloadAttachments(DownloadSourcesJob.java:294)
	at org.eclipse.m2e.jdt.internal.DownloadSourcesJob.downloadMaven(DownloadSourcesJob.java:252)
	at org.eclipse.m2e.jdt.internal.DownloadSourcesJob.downloadFilesAndPopulateToUpdate(DownloadSourcesJob.java:220)
	at org.eclipse.m2e.jdt.internal.DownloadSourcesJob.lambda$0(DownloadSourcesJob.java:149)
	at org.eclipse.m2e.core.internal.embedder.MavenExecutionContext.executeBare(MavenExecutionContext.java:394)
	at org.eclipse.m2e.core.internal.embedder.MavenExecutionContext.execute(MavenExecutionContext.java:275)
	at org.eclipse.m2e.core.internal.embedder.MavenExecutionContext.execute(MavenExecutionContext.java:214)
	at org.eclipse.m2e.core.embedder.IMaven.execute(IMaven.java:294)
	at org.eclipse.m2e.jdt.internal.DownloadSourcesJob.run(DownloadSourcesJob.java:149)
	at org.eclipse.core.internal.jobs.Worker.run(Worker.java:63)
2024-12-06 21:21:26,539 [Worker-9: Building] INFO  o.e.m.c.i.l.LifecycleMappingFactory - Using org.eclipse.m2e.jdt.JarLifecycleMapping lifecycle mapping for MavenProject: com.app:spring_mysql_crud:0.0.1-SNAPSHOT @ C:\Users\Group025\Desktop\WEB JAVA\spring_mysql_crud\pom.xml.
2024-12-06 21:21:28,157 [Worker-9: Building] INFO  o.a.m.s.f.DefaultMavenResourcesFiltering - Copying 1 resource from src\main\resources to target\classes
2024-12-06 21:21:28,173 [Worker-9: Building] INFO  o.a.m.s.f.DefaultMavenResourcesFiltering - Copying 0 resource from src\main\resources to target\classes
2024-12-06 21:21:28,177 [Worker-9: Building] INFO  o.a.m.s.f.DefaultMavenResourcesFiltering - skip non existing resourceDirectory C:\Users\Group025\Desktop\WEB JAVA\spring_mysql_crud\src\test\resources
2024-12-06 21:21:31,350 [Worker-17: Building] INFO  o.e.m.c.i.l.LifecycleMappingFactory - Using org.eclipse.m2e.jdt.JarLifecycleMapping lifecycle mapping for MavenProject: com.app:spring_mysql_crud_jpa:0.0.1-SNAPSHOT @ C:\Users\Group025\Desktop\WEB JAVA\spring_mysql_crud_jpa\pom.xml.
2024-12-06 21:21:33,753 [Worker-17: Building] INFO  o.a.m.s.f.DefaultMavenResourcesFiltering - Copying 1 resource from src\main\resources to target\classes
2024-12-06 21:21:33,790 [Worker-17: Building] INFO  o.a.m.s.f.DefaultMavenResourcesFiltering - Copying 0 resource from src\main\resources to target\classes
2024-12-06 21:21:33,795 [Worker-17: Building] INFO  o.a.m.s.f.DefaultMavenResourcesFiltering - skip non existing resourceDirectory C:\Users\Group025\Desktop\WEB JAVA\spring_mysql_crud_jpa\src\test\resources
2024-12-06 21:21:34,642 [Worker-26: Building] INFO  o.e.m.c.i.l.LifecycleMappingFactory - Using org.maven.ide.eclipse.wtp.WarLifecycleMapping lifecycle mapping for MavenProject: com.app:spring_restdemo:0.0.1-SNAPSHOT @ C:\Users\Group025\Desktop\WEB JAVA\spring_restdemo\pom.xml.
2024-12-06 21:21:34,839 [Worker-26: Building] INFO  o.e.m.c.i.p.WorkspaceClassifierResolverManager - Resolving P/spring_mvc_formvalidation: com.app:spring_mvc_formvalidation:0.0.1-SNAPSHOT with classifier  to /spring_mvc_formvalidation/target/classes
2024-12-06 21:21:34,924 [Worker-26: Building] INFO  o.e.m.c.i.l.LifecycleMappingFactory - Using org.eclipse.m2e.jdt.JarLifecycleMapping lifecycle mapping for MavenProject: com.app:jsonData:0.0.1-SNAPSHOT @ C:\Users\Group025\Desktop\WEB JAVA\jsonData\pom.xml.
2024-12-06 21:21:34,952 [Worker-26: Building] INFO  o.e.m.c.i.p.WorkspaceClassifierResolverManager - Resolving P/spring_restdemo: com.app:spring_restdemo:0.0.1-SNAPSHOT with classifier  to /spring_restdemo/target/classes
2024-12-06 21:21:34,985 [Worker-26: Building] INFO  o.e.m.c.i.p.WorkspaceClassifierResolverManager - Resolving P/spring_mvc_formvalidation: com.app:spring_mvc_formvalidation:0.0.1-SNAPSHOT with classifier  to /spring_mvc_formvalidation/target/classes
2024-12-06 21:21:35,035 [Worker-26: Building] INFO  o.e.m.c.i.p.WorkspaceClassifierResolverManager - Resolving P/spring_mvc_formvalidation: com.app:spring_mvc_formvalidation:0.0.1-SNAPSHOT with classifier  to /spring_mvc_formvalidation/target/classes
2024-12-06 21:21:35,504 [Worker-26: Building] WARN  o.a.m.s.f.DefaultMavenResourcesFiltering - Using platform encoding (Cp1252 actually) to copy filtered resources, i.e. build is platform dependent!
2024-12-06 21:21:35,508 [Worker-26: Building] INFO  o.a.m.s.f.DefaultMavenResourcesFiltering - skip non existing resourceDirectory C:\Users\Group025\Desktop\WEB JAVA\spring_restdemo\src\main\resources
2024-12-06 21:21:35,510 [Worker-26: Building] WARN  o.a.m.s.f.DefaultMavenResourcesFiltering - Using platform encoding (Cp1252 actually) to copy filtered resources, i.e. build is platform dependent!
2024-12-06 21:21:35,514 [Worker-26: Building] INFO  o.a.m.s.f.DefaultMavenResourcesFiltering - skip non existing resourceDirectory C:\Users\Group025\Desktop\WEB JAVA\spring_restdemo\src\test\resources
2024-12-06 21:21:36,701 [Worker-27: Building] INFO  o.e.m.c.i.l.LifecycleMappingFactory - Using org.eclipse.m2e.jdt.JarLifecycleMapping lifecycle mapping for MavenProject: com.app:spring_thymeleaf_crud:0.0.1-SNAPSHOT @ C:\Users\Group025\Desktop\WEB JAVA\spring_thymeleaf_crud\pom.xml.
2024-12-06 21:21:38,962 [Worker-27: Building] INFO  o.a.m.s.f.DefaultMavenResourcesFiltering - Copying 1 resource from src\main\resources to target\classes
2024-12-06 21:21:38,978 [Worker-27: Building] INFO  o.a.m.s.f.DefaultMavenResourcesFiltering - Copying 1 resource from src\main\resources to target\classes
2024-12-06 21:21:38,985 [Worker-27: Building] INFO  o.a.m.s.f.DefaultMavenResourcesFiltering - skip non existing resourceDirectory C:\Users\Group025\Desktop\WEB JAVA\spring_thymeleaf_crud\src\test\resources
2024-12-06 21:27:32,161 [Worker-1: Loading available Gradle versions] INFO  o.e.b.c.i.u.g.PublishedGradleVersions - Gradle version information cache is up-to-date. Trying to read.
2024-12-06 21:35:07,725 [Worker-0: Loading available Gradle versions] INFO  o.e.b.c.i.u.g.PublishedGradleVersions - Gradle version information cache is up-to-date. Trying to read.
2024-12-06 21:36:50,080 [Worker-12: Building] INFO  o.e.m.c.i.l.LifecycleMappingFactory - Using org.eclipse.m2e.jdt.JarLifecycleMapping lifecycle mapping for MavenProject: com.app:spring_mysql_crud_jpa:0.0.1-SNAPSHOT @ C:\Users\Group025\Desktop\WEB JAVA\spring_mysql_crud_jpa\pom.xml.
2024-12-06 21:36:53,726 [Worker-7: Updating Maven Dependencies] INFO  o.e.m.c.i.l.LifecycleMappingFactory - Using org.eclipse.m2e.jdt.JarLifecycleMapping lifecycle mapping for MavenProject: com.app:spring_mysql_crud_jpa:0.0.1-SNAPSHOT @ C:\Users\Group025\Desktop\WEB JAVA\spring_mysql_crud_jpa\pom.xml.
2024-12-06 21:42:54,008 [Worker-8: Building] INFO  o.a.m.s.f.DefaultMavenResourcesFiltering - Copying 1 resource from src\main\resources to target\classes
2024-12-06 21:42:54,028 [Worker-8: Building] INFO  o.a.m.s.f.DefaultMavenResourcesFiltering - Copying 1 resource from src\main\resources to target\classes
2024-12-06 21:42:54,037 [Worker-8: Building] INFO  o.a.m.s.f.DefaultMavenResourcesFiltering - skip non existing resourceDirectory C:\Users\Group025\Desktop\WEB JAVA\spring_thymeleaf_crud\src\test\resources
